// 重构日志: 68fcc7f0
// 重构日志: 127c812f
// 重构日志: c6beb6a8
// 重构日志: 8e3e7f96
// 重构日志: ad93fb70
// 重构日志: db79f833
// 重构日志: e723bffd
// 重构日志: 5a638c52
// 同步 ID: 7f7b58ca @ Sat Jul 11 11:40:40 UTC 2026
// 重构日志: c800e587
// 重构日志: 7247fcb9
// 重构日志: 848deac7
// 同步 ID: cf66d44f @ Wed Jul 15 12:37:07 UTC 2026
// 重构日志: d80734be
// 重构日志: 6502263e
// 重构日志: be0a1e69
// 重构日志: fc16b01a
// 同步 ID: 4d878abb @ Mon Jul 20 00:24:14 UTC 2026
// 同步 ID: 7477abe9 @ Mon Jul 20 14:22:12 UTC 2026
// 同步 ID: fda8f5c0 @ Mon Jul 20 16:05:42 UTC 2026
// 同步 ID: 7006f91d @ Tue Jul 21 08:11:28 UTC 2026
// 重构日志: ea5db293
// 重构日志: 6ee23076
